=== NEW DEBUG SESSION STARTED ===
Timestamp: 20/10/2025 21:29:23 (AEDT)
Entry ID: 9690
======================================

[20/10/2025 21:29:23] [DEBUG] FIELD MAPPING (plain key): USR_Business = 'gfsd' (from field 45)
[20/10/2025 21:29:23] [DEBUG] FIELD MAPPING (plain key): PT2_Business = 'ghjh' (from field 46)
[20/10/2025 21:29:23] [DEBUG] FIELD MAPPING (plain key): USR_ABV = 'esafd' (from field 41)
[20/10/2025 21:29:23] [DEBUG] FIELD MAPPING (plain key): PT2_ABV = '222yy' (from field 24)
[20/10/2025 21:29:23] [DEBUG] FIELD MAPPING (plain key): USR_Name = 'wesdfasdaf pty ltd' (from field 2)
[20/10/2025 21:29:23] [DEBUG] FIELD MAPPING (plain key): PT2_Name = 'ykuhjghg pty ltd' (from field 8)
[20/10/2025 21:29:23] [DEBUG] FIELD MAPPING (plain key): USR_ABN = '11111111111' (from field 44)
[20/10/2025 21:29:23] [DEBUG] FIELD MAPPING (plain key): PT2_ABN = '22222222222' (from field 47)
[20/10/2025 21:29:23] [DEBUG] FIELD MAPPING (plain key): USR_Sign_First = 'we' (from field 39.3)
[20/10/2025 21:29:23] [DEBUG] FIELD MAPPING (plain key): PT2_Sign_First = 'asfd' (from field 9.3)
[20/10/2025 21:29:23] [DEBUG] FIELD MAPPING (plain key): USR_Sign_Last = 'we' (from field 39.6)
[20/10/2025 21:29:23] [DEBUG] FIELD MAPPING (plain key): PT2_Sign_Last = 'fds' (from field 9.6)
[20/10/2025 21:29:23] [DEBUG] FIELD MAPPING (plain key): USR_Sign_Role = 'sdfasad' (from field 3)
[20/10/2025 21:29:23] [DEBUG] FIELD MAPPING (plain key): PT2_Sign_Role = 'ffffssss' (from field 11)
[20/10/2025 21:29:23] [DEBUG] FIELD MAPPING (plain key): USR_Sign_Email = 'talirat@yahoo.com' (from field 40)
[20/10/2025 21:29:23] [DEBUG] FIELD MAPPING (plain key): PT2_Sign_Email = 'shoshi00@gmail.com' (from field 10)
[20/10/2025 21:29:23] [DEBUG] FIELD MAPPING (plain key): REF_State = 'Australian Capital Territory' (from field 14)
[20/10/2025 21:29:23] [DEBUG] FIELD MAPPING (plain key): Effective_Date = '2025-10-20' (from field 4)
[20/10/2025 21:29:23] [DEBUG] FIELD MAPPING (plain key): Concept = 'Puppy paws tiptoe through sunlit meadows, chasing fluttering butterflies and giggling with tiny bunnies. Kittens nap in sunbeams while ducklings wobble behind their gentle mama. Hedgehogs snuggle beneath leafy blankets, dreaming of warm cuddles and strawberry treats. Frogs sing lullabies at twilight as owlets blink their sleepy eyes, and somewhere, a squirrel tucks in a teddy bear, whispering soft goodnights to the moon.﻿' (from field 29)
[20/10/2025 21:29:23] [DEBUG] FIELD MAPPING (plain key): Purpose = 'Puppy paws tiptoe through sunlit meadows, chasing fluttering butterflies and giggling with tiny bunnies. Kittens nap in sunbeams while ducklings wobble behind their gentle mama. Hedgehogs snuggle beneath leafy blankets, dreaming of warm cuddles and strawberry treats. Frogs sing lullabies at twilight as owlets blink their sleepy eyes, and somewhere, a squirrel tucks in a teddy bear, whispering soft goodnights to the moon.﻿' (from field 15)
[20/10/2025 21:29:23] [DEBUG] FIELD MAPPING (plain key): user_id = '1086' (from field 30)
[20/10/2025 21:29:23] [DEBUG] FIELD MAPPING (plain key): user_login = 'shoshanna' (from field 16)
[20/10/2025 21:29:23] [DEBUG] FIELD MAPPING (plain key): user_email = 'shoshana@webtiger.com.au shoshana@webtiger.com.au' (from field 17)
[20/10/2025 21:29:23] [DEBUG] FIELD MAPPING (plain key): display_name = 'Shoshanna Sibony' (from field 18)
[20/10/2025 21:29:23] [DEBUG] FIELD MAPPING (plain key): Form_Title = 'One Way Non Disclosure' (from field 28)
[20/10/2025 21:29:23] [DEBUG] FIELD MAPPING (plain key): Pmt_Negotiate = '2' (from field 27.2)
[20/10/2025 21:29:23] [DEBUG] FIELD MAPPING (plain key): Pmt_Other = '4' (from field 27.4)
[20/10/2025 21:29:23] [DEBUG] === FIELD MAPPING DEBUG: All available field data ===
[20/10/2025 21:29:23] [DEBUG] USR/USER fields found: USR_Business = 'gfsd', USR_ABV = 'esafd', USR_Name = 'wesdfasdaf pty ltd', USR_ABN = '11111111111', USR_Sign_First = 'we', USR_Sign_Last = 'we', USR_Sign_Role = 'sdfasad', USR_Sign_Email = 'talirat@yahoo.com', user_login = 'shoshanna', user_email = 'shoshana@webtiger.com.au', abbreviated name of your business = 'esafd', ABBREVIATED NAME OF YOUR BUSINESS = 'esafd', abbreviated-name-of-your-business = 'esafd', ABBREVIATED-NAME-OF-YOUR-BUSINESS = 'esafd', abbreviated_name_of_your_business = 'esafd', ABBREVIATED_NAME_OF_YOUR_BUSINESS = 'esafd', USER_ID = '1086', user-id = '1086', USER_LOGIN = 'shoshanna', user-login = 'shoshanna', USER_EMAIL = 'shoshana@webtiger.com.au shoshana@webtiger.com.au', user-email = 'shoshana@webtiger.com.au shoshana@webtiger.com.au', User_IP = '49.184.141.161', UserFirstName = 'Shoshanna', USERFIRSTNAME = 'Shoshanna', UserLastName = 'Sibony', USERLASTNAME = 'Sibony', UserEmail = 'shoshana@webtiger.com.au', USEREMAIL = 'shoshana@webtiger.com.au', UserName = 'Shoshanna Sibony', USERNAME = 'Shoshanna Sibony'
[20/10/2025 21:29:23] [DEBUG] Found business-related field: USR_Business = gfsd
[20/10/2025 21:29:23] [DEBUG] v5.0.11-ADMIN-FIELD-MAPPING-FIX FIELD MAPPING: [FINAL merge_data before document processing] USR_Name = wesdfasdaf pty ltd
[20/10/2025 21:29:23] [DEBUG] v5.0.11-ADMIN-FIELD-MAPPING-FIX FIELD MAPPING: [FINAL merge_data before document processing] USR_ABN = 11111111111
[20/10/2025 21:29:23] [DEBUG] v5.0.11-ADMIN-FIELD-MAPPING-FIX FIELD MAPPING: [FINAL merge_data before document processing] USR_Business = gfsd
[20/10/2025 21:29:23] [DEBUG] v5.0.11-ADMIN-FIELD-MAPPING-FIX FIELD MAPPING: [FINAL merge_data before document processing] PT2_Name = ykuhjghg pty ltd
[20/10/2025 21:29:23] [DEBUG] v5.0.11-ADMIN-FIELD-MAPPING-FIX FIELD MAPPING: [FINAL merge_data before document processing] PT2_ABN = 22222222222
[20/10/2025 21:29:23] [DEBUG] Field: USR_Business = gfsd
[20/10/2025 21:29:23] [DEBUG] Field: USR_ABV = esafd
[20/10/2025 21:29:23] [DEBUG] Field: USR_Name = wesdfasdaf pty ltd
[20/10/2025 21:29:23] [DEBUG] Field: USR_ABN = 11111111111
[20/10/2025 21:29:23] [DEBUG] Field: USR_Sign_First = we
[20/10/2025 21:29:23] [DEBUG] Field: USR_Sign_Last = we
[20/10/2025 21:29:23] [DEBUG] Field: USR_Sign_Role = sdfasad
[20/10/2025 21:29:23] [DEBUG] Field: USR_Sign_Email = talirat@yahoo.com
[20/10/2025 21:29:23] [DEBUG] Field: USR_Signatory_FN = we
[20/10/2025 21:29:23] [DEBUG] Field: {$USR_Signatory_FN} = we
[20/10/2025 21:29:23] [DEBUG] Field: USR_Signatory_LN = we
[20/10/2025 21:29:23] [DEBUG] Field: {$USR_Signatory_LN} = we
[20/10/2025 21:29:23] [DEBUG] Field: USR_Signatory_Role = sdfasad
[20/10/2025 21:29:23] [DEBUG] Field: {$USR_Signatory_Role} = sdfasad
[20/10/2025 21:29:23] [DEBUG] Merge data prepared (389 items): {
    "USR_Business": "gfsd",
    "PT2_Business": "ghjh",
    "USR_ABV": "esafd",
    "PT2_ABV": "222yy",
    "USR_Name": "wesdfasdaf pty ltd",
    "PT2_Name": "ykuhjghg pty ltd",
    "USR_ABN": "11111111111",
    "PT2_ABN": "22222222222",
    "USR_Sign_First": "we",
    "PT2_Sign_First": "asfd",
    "USR_Sign_Last": "we",
    "PT2_Sign_Last": "fds",
    "USR_Sign_Role": "sdfasad",
    "PT2_Sign_Role": "ffffssss",
    "USR_Sign_Email": "talirat@yahoo.com",
    "PT2_Sign_Email": "shoshi00@gmail.com",
    "REF_State": "Australian Capital Territory",
    "Effective_Date": "2025-10-20",
    "Concept": "Puppy paws tiptoe through sunlit meadows, chasing ...",
    "Purpose": "Puppy paws tiptoe through sunlit meadows, chasing ...",
    "user_id": 1086,
    "user_login": "shoshanna",
    "user_email": "shoshana@webtiger.com.au",
    "display_name": "Shoshanna Sibony",
    "Form_Title": "Confidentiality Agreement (One Way)",
    "Pmt_Negotiate": "2",
    "Pmt_Other": "4",
    "_field_mappings_applied": true,
    "form_id": 30,
    "select a business and a counterparty.": "",
    "SELECT A BUSINESS AND A COUNTERPARTY.": "",
    "field_43": "",
    "FIELD_43": "",
    "input_43": "",
    "INPUT_43": "",
    "select-a-business-and-a-counterparty": "",
    "SELECT-A-BUSINESS-AND-A-COUNTERPARTY": "",
    "select_a_business_and_a_counterparty": "",
    "SELECT_A_BUSINESS_AND_A_COUNTERPARTY": "",
    "choose a business": "",
    "CHOOSE A BUSINESS": "",
    "field_36": "",
    "FIELD_36": "",
    "input_36": "",
    "INPUT_36": "",
    "choose-a-business": "",
    "CHOOSE-A-BUSINESS": "",
    "choose_a_business": "",
    "CHOOSE_A_BUSINESS": "",
    "choose a counterparty": "",
    "CHOOSE A COUNTERPARTY": "",
    "field_37": "",
    "FIELD_37": "",
    "input_37": "",
    "INPUT_37": "",
    "choose-a-counterparty": "",
    "CHOOSE-A-COUNTERPARTY": "",
    "choose_a_counterparty": "",
    "CHOOSE_A_COUNTERPARTY": "",
    "field_35": "",
    "FIELD_35": "",
    "input_35": "",
    "INPUT_35": "",
    "enter the details of your business and the person signing this agreement on behalf of your business.": "",
    "ENTER THE DETAILS OF YOUR BUSINESS AND THE PERSON SIGNING THIS AGREEMENT ON BEHALF OF YOUR BUSINESS.": "",
    "field_21": "",
    "FIELD_21": "",
    "input_21": "",
    "INPUT_21": "",
    "enter-the-details-of-your-business-and-the-person-signing-this-agreement-on-behalf-of-your-business": "",
    "ENTER-THE-DETAILS-OF-YOUR-BUSINESS-AND-THE-PERSON-SIGNING-THIS-AGREEMENT-ON-BEHALF-OF-YOUR-BUSINESS": "",
    "enter_the_details_of_your_business_and_the_person_signing_this_agreement_on_behalf_of_your_business": "",
    "ENTER_THE_DETAILS_OF_YOUR_BUSINESS_AND_THE_PERSON_SIGNING_THIS_AGREEMENT_ON_BEHALF_OF_YOUR_BUSINESS": "",
    "business's legal name": "wesdfasdaf pty ltd",
    "BUSINESS'S LEGAL NAME": "wesdfasdaf pty ltd",
    "field_2": "wesdfasdaf pty ltd",
    "FIELD_2": "wesdfasdaf pty ltd",
    "input_2": "wesdfasdaf pty ltd",
    "INPUT_2": "wesdfasdaf pty ltd",
    "businesss-legal-name": "wesdfasdaf pty ltd",
    "BUSINESSS-LEGAL-NAME": "wesdfasdaf pty ltd",
    "businesss_legal_name": "wesdfasdaf pty ltd",
    "BUSINESSS_LEGAL_NAME": "wesdfasdaf pty ltd",
    "business's trading or business name": "gfsd",
    "BUSINESS'S TRADING OR BUSINESS NAME": "gfsd",
    "field_45": "gfsd",
    "FIELD_45": "gfsd",
    "input_45": "gfsd",
    "INPUT_45": "gfsd",
    "businesss-trading-or-business-name": "gfsd",
    "BUSINESSS-TRADING-OR-BUSINESS-NAME": "gfsd",
    "businesss_trading_or_business_name": "gfsd",
    "BUSINESSS_TRADING_OR_BUSINESS_NAME": "gfsd",
    "business ABN": "11111111111",
    "BUSINESS ABN": "11111111111",
    "field_44": "11111111111",
    "FIELD_44": "11111111111",
    "input_44": "11111111111",
    "INPUT_44": "11111111111",
    "business-abn": "11111111111",
    "BUSINESS-ABN": "11111111111",
    "business_abn": "11111111111",
    "BUSINESS_ABN": "11111111111",
    "abbreviated name of your business": "esafd",
    "ABBREVIATED NAME OF YOUR BUSINESS": "esafd",
    "field_41": "esafd",
    "FIELD_41": "esafd",
    "input_41": "esafd",
    "INPUT_41": "esafd",
    "abbreviated-name-of-your-business": "esafd",
    "ABBREVIATED-NAME-OF-YOUR-BUSINESS": "esafd",
    "abbreviated_name_of_your_business": "esafd",
    "ABBREVIATED_NAME_OF_YOUR_BUSINESS": "esafd",
    "choose a business signatory": "",
    "CHOOSE A BUSINESS SIGNATORY": "",
    "field_42": "",
    "FIELD_42": "",
    "input_42": "",
    "INPUT_42": "",
    "choose-a-business-signatory": "",
    "CHOOSE-A-BUSINESS-SIGNATORY": "",
    "choose_a_business_signatory": "",
    "CHOOSE_A_BUSINESS_SIGNATORY": "",
    "business signatory's name": "",
    "BUSINESS SIGNATORY'S NAME": "",
    "field_39": "",
    "FIELD_39": "",
    "input_39": "",
    "INPUT_39": "",
    "business-signatorys-name": "",
    "BUSINESS-SIGNATORYS-NAME": "",
    "business_signatorys_name": "",
    "BUSINESS_SIGNATORYS_NAME": "",
    "business signatory's role": "sdfasad",
    "BUSINESS SIGNATORY'S ROLE": "sdfasad",
    "field_3": "sdfasad",
    "FIELD_3": "sdfasad",
    "input_3": "sdfasad",
    "INPUT_3": "sdfasad",
    "business-signatorys-role": "sdfasad",
    "BUSINESS-SIGNATORYS-ROLE": "sdfasad",
    "business_signatorys_role": "sdfasad",
    "BUSINESS_SIGNATORYS_ROLE": "sdfasad",
    "business signatory's email": "talirat@yahoo.com",
    "BUSINESS SIGNATORY'S EMAIL": "talirat@yahoo.com",
    "field_40": "talirat@yahoo.com",
    "FIELD_40": "talirat@yahoo.com",
    "input_40": "talirat@yahoo.com",
    "INPUT_40": "talirat@yahoo.com",
    "business-signatorys-email": "talirat@yahoo.com",
    "BUSINESS-SIGNATORYS-EMAIL": "talirat@yahoo.com",
    "business_signatorys_email": "talirat@yahoo.com",
    "BUSINESS_SIGNATORYS_EMAIL": "talirat@yahoo.com",
    "field_6": "",
    "FIELD_6": "",
    "input_6": "",
    "INPUT_6": "",
    "enter the details of the counterparty and the person signing this agreement on behalf of the counterparty.": "",
    "ENTER THE DETAILS OF THE COUNTERPARTY AND THE PERSON SIGNING THIS AGREEMENT ON BEHALF OF THE COUNTERPARTY.": "",
    "field_22": "",
    "FIELD_22": "",
    "input_22": "",
    "INPUT_22": "",
    "enter-the-details-of-the-counterparty-and-the-person-signing-this-agreement-on-behalf-of-the-counterparty": "",
    "ENTER-THE-DETAILS-OF-THE-COUNTERPARTY-AND-THE-PERSON-SIGNING-THIS-AGREEMENT-ON-BEHALF-OF-THE-COUNTERPARTY": "",
    "enter_the_details_of_the_counterparty_and_the_person_signing_this_agreement_on_behalf_of_the_counterparty": "",
    "ENTER_THE_DETAILS_OF_THE_COUNTERPARTY_AND_THE_PERSON_SIGNING_THIS_AGREEMENT_ON_BEHALF_OF_THE_COUNTERPARTY": "",
    "counterparty's legal name": "ykuhjghg pty ltd",
    "COUNTERPARTY'S LEGAL NAME": "ykuhjghg pty ltd",
    "field_8": "ykuhjghg pty ltd",
    "FIELD_8": "ykuhjghg pty ltd",
    "input_8": "ykuhjghg pty ltd",
    "INPUT_8": "ykuhjghg pty ltd",
    "counterpartys-legal-name": "ykuhjghg pty ltd",
    "COUNTERPARTYS-LEGAL-NAME": "ykuhjghg pty ltd",
    "counterpartys_legal_name": "ykuhjghg pty ltd",
    "COUNTERPARTYS_LEGAL_NAME": "ykuhjghg pty ltd",
    "counterparty ABN": "22222222222",
    "COUNTERPARTY ABN": "22222222222",
    "field_47": "22222222222",
    "FIELD_47": "22222222222",
    "input_47": "22222222222",
    "INPUT_47": "22222222222",
    "counterparty-abn": "22222222222",
    "COUNTERPARTY-ABN": "22222222222",
    "counterparty_abn": "22222222222",
    "COUNTERPARTY_ABN": "22222222222",
    "counterparty's trading or business name": "ghjh",
    "COUNTERPARTY'S TRADING OR BUSINESS NAME": "ghjh",
    "field_46": "ghjh",
    "FIELD_46": "ghjh",
    "input_46": "ghjh",
    "INPUT_46": "ghjh",
    "counterpartys-trading-or-business-name": "ghjh",
    "COUNTERPARTYS-TRADING-OR-BUSINESS-NAME": "ghjh",
    "counterpartys_trading_or_business_name": "ghjh",
    "COUNTERPARTYS_TRADING_OR_BUSINESS_NAME": "ghjh",
    "abbreviated name of the counterparty's business": "222yy",
    "ABBREVIATED NAME OF THE COUNTERPARTY'S BUSINESS": "222yy",
    "field_24": "222yy",
    "FIELD_24": "222yy",
    "input_24": "222yy",
    "INPUT_24": "222yy",
    "abbreviated-name-of-the-counterpartys-business": "222yy",
    "ABBREVIATED-NAME-OF-THE-COUNTERPARTYS-BUSINESS": "222yy",
    "abbreviated_name_of_the_counterpartys_business": "222yy",
    "ABBREVIATED_NAME_OF_THE_COUNTERPARTYS_BUSINESS": "222yy",
    "choose a counterparty signatory": "",
    "CHOOSE A COUNTERPARTY SIGNATORY": "",
    "field_33": "",
    "FIELD_33": "",
    "input_33": "",
    "INPUT_33": "",
    "choose-a-counterparty-signatory": "",
    "CHOOSE-A-COUNTERPARTY-SIGNATORY": "",
    "choose_a_counterparty_signatory": "",
    "CHOOSE_A_COUNTERPARTY_SIGNATORY": "",
    "counterparty signatory's name": "",
    "COUNTERPARTY SIGNATORY'S NAME": "",
    "field_9": "",
    "FIELD_9": "",
    "input_9": "",
    "INPUT_9": "",
    "counterparty-signatorys-name": "",
    "COUNTERPARTY-SIGNATORYS-NAME": "",
    "counterparty_signatorys_name": "",
    "COUNTERPARTY_SIGNATORYS_NAME": "",
    "counterparty signatory's role": "ffffssss",
    "COUNTERPARTY SIGNATORY'S ROLE": "ffffssss",
    "field_11": "ffffssss",
    "FIELD_11": "ffffssss",
    "input_11": "ffffssss",
    "INPUT_11": "ffffssss",
    "counterparty-signatorys-role": "ffffssss",
    "COUNTERPARTY-SIGNATORYS-ROLE": "ffffssss",
    "counterparty_signatorys_role": "ffffssss",
    "COUNTERPARTY_SIGNATORYS_ROLE": "ffffssss",
    "counterparty signatory's email": "shoshi00@gmail.com",
    "COUNTERPARTY SIGNATORY'S EMAIL": "shoshi00@gmail.com",
    "field_10": "shoshi00@gmail.com",
    "FIELD_10": "shoshi00@gmail.com",
    "input_10": "shoshi00@gmail.com",
    "INPUT_10": "shoshi00@gmail.com",
    "counterparty-signatorys-email": "shoshi00@gmail.com",
    "COUNTERPARTY-SIGNATORYS-EMAIL": "shoshi00@gmail.com",
    "counterparty_signatorys_email": "shoshi00@gmail.com",
    "COUNTERPARTY_SIGNATORYS_EMAIL": "shoshi00@gmail.com",
    "field_7": "",
    "FIELD_7": "",
    "input_7": "",
    "INPUT_7": "",
    "select the state of jurisdiction, enter the effective date and describe the concept and permitted purpose.": "",
    "SELECT THE STATE OF JURISDICTION, ENTER THE EFFECTIVE DATE AND DESCRIBE THE CONCEPT AND PERMITTED PURPOSE.": "",
    "field_25": "",
    "FIELD_25": "",
    "input_25": "",
    "INPUT_25": "",
    "select-the-state-of-jurisdiction-enter-the-effective-date-and-describe-the-concept-and-permitted-purpose": "",
    "SELECT-THE-STATE-OF-JURISDICTION-ENTER-THE-EFFECTIVE-DATE-AND-DESCRIBE-THE-CONCEPT-AND-PERMITTED-PURPOSE": "",
    "select_the_state_of_jurisdiction_enter_the_effective_date_and_describe_the_concept_and_permitted_purpose": "",
    "SELECT_THE_STATE_OF_JURISDICTION_ENTER_THE_EFFECTIVE_DATE_AND_DESCRIBE_THE_CONCEPT_AND_PERMITTED_PURPOSE": "",
    "state of jurisdiction": "Australian Capital Territory",
    "STATE OF JURISDICTION": "Australian Capital Territory",
    "field_14": "Australian Capital Territory",
    "FIELD_14": "Australian Capital Territory",
    "input_14": "Australian Capital Territory",
    "INPUT_14": "Australian Capital Territory",
    "state-of-jurisdiction": "Australian Capital Territory",
    "STATE-OF-JURISDICTION": "Australian Capital Territory",
    "state_of_jurisdiction": "Australian Capital Territory",
    "STATE_OF_JURISDICTION": "Australian Capital Territory",
    "effective date": "2025-10-20",
    "EFFECTIVE DATE": "2025-10-20",
    "field_4": "2025-10-20",
    "FIELD_4": "2025-10-20",
    "input_4": "2025-10-20",
    "INPUT_4": "2025-10-20",
    "effective-date": "2025-10-20",
    "EFFECTIVE-DATE": "2025-10-20",
    "effective_date": "2025-10-20",
    "EFFECTIVE_DATE": "2025-10-20",
    "concept description": "Puppy paws tiptoe through sunlit meadows, chasing ...",
    "CONCEPT DESCRIPTION": "Puppy paws tiptoe through sunlit meadows, chasing ...",
    "field_29": "Puppy paws tiptoe through sunlit meadows, chasing ...",
    "FIELD_29": "Puppy paws tiptoe through sunlit meadows, chasing ...",
    "input_29": "Puppy paws tiptoe through sunlit meadows, chasing ...",
    "INPUT_29": "Puppy paws tiptoe through sunlit meadows, chasing ...",
    "concept-description": "Puppy paws tiptoe through sunlit meadows, chasing ...",
    "CONCEPT-DESCRIPTION": "Puppy paws tiptoe through sunlit meadows, chasing ...",
    "concept_description": "Puppy paws tiptoe through sunlit meadows, chasing ...",
    "CONCEPT_DESCRIPTION": "Puppy paws tiptoe through sunlit meadows, chasing ...",
    "purpose of disclosure": "",
    "PURPOSE OF DISCLOSURE": "",
    "field_27": "",
    "FIELD_27": "",
    "input_27": "",
    "INPUT_27": "",
    "purpose-of-disclosure": "",
    "PURPOSE-OF-DISCLOSURE": "",
    "purpose_of_disclosure": "",
    "PURPOSE_OF_DISCLOSURE": "",
    "other purpose": "Puppy paws tiptoe through sunlit meadows, chasing ...",
    "OTHER PURPOSE": "Puppy paws tiptoe through sunlit meadows, chasing ...",
    "field_15": "Puppy paws tiptoe through sunlit meadows, chasing ...",
    "FIELD_15": "Puppy paws tiptoe through sunlit meadows, chasing ...",
    "input_15": "Puppy paws tiptoe through sunlit meadows, chasing ...",
    "INPUT_15": "Puppy paws tiptoe through sunlit meadows, chasing ...",
    "other-purpose": "Puppy paws tiptoe through sunlit meadows, chasing ...",
    "OTHER-PURPOSE": "Puppy paws tiptoe through sunlit meadows, chasing ...",
    "other_purpose": "Puppy paws tiptoe through sunlit meadows, chasing ...",
    "OTHER_PURPOSE": "Puppy paws tiptoe through sunlit meadows, chasing ...",
    "USER_ID": "1086",
    "field_30": "1086",
    "FIELD_30": "1086",
    "input_30": "1086",
    "INPUT_30": "1086",
    "user-id": "1086",
    "USER_LOGIN": "shoshanna",
    "field_16": "shoshanna",
    "FIELD_16": "shoshanna",
    "input_16": "shoshanna",
    "INPUT_16": "shoshanna",
    "user-login": "shoshanna",
    "USER_EMAIL": "shoshana@webtiger.com.au shoshana@webtiger.com.au",
    "field_17": "shoshana@webtiger.com.au shoshana@webtiger.com.au",
    "FIELD_17": "shoshana@webtiger.com.au shoshana@webtiger.com.au",
    "input_17": "shoshana@webtiger.com.au shoshana@webtiger.com.au",
    "INPUT_17": "shoshana@webtiger.com.au shoshana@webtiger.com.au",
    "user-email": "shoshana@webtiger.com.au shoshana@webtiger.com.au",
    "DISPLAY_NAME": "Shoshanna Sibony",
    "field_18": "Shoshanna Sibony",
    "FIELD_18": "Shoshanna Sibony",
    "input_18": "Shoshanna Sibony",
    "INPUT_18": "Shoshanna Sibony",
    "display-name": "Shoshanna Sibony",
    "Form Title": "One Way Non Disclosure",
    "FORM TITLE": "One Way Non Disclosure",
    "field_28": "One Way Non Disclosure",
    "FIELD_28": "One Way Non Disclosure",
    "input_28": "One Way Non Disclosure",
    "INPUT_28": "One Way Non Disclosure",
    "form-title": "One Way Non Disclosure",
    "FORM-TITLE": "One Way Non Disclosure",
    "form_title": "One Way Non Disclosure",
    "FORM_TITLE": "One Way Non Disclosure",
    "FormTitle": "Confidentiality Agreement (One Way)",
    "FORMTITLE": "Confidentiality Agreement (One Way)",
    "EntryId": "9690",
    "ENTRYID": "9690",
    "Entry_ID": "9690",
    "Entry_Date": "2025-10-20 10:29:23",
    "User_IP": "49.184.141.161",
    "Source_URL": "https:\/\/staging.mode.law\/?gf_page=preview&id=30",
    "SiteName": "STAGE mode.law",
    "SITENAME": "STAGE mode.law",
    "CurrentDate": "20\/10\/2025",
    "CURRENTDATE": "20\/10\/2025",
    "CurrentTime": "21:29:23",
    "CURRENTTIME": "21:29:23",
    "UserFirstName": "Shoshanna",
    "USERFIRSTNAME": "Shoshanna",
    "UserLastName": "Sibony",
    "USERLASTNAME": "Sibony",
    "UserEmail": "shoshana@webtiger.com.au",
    "USEREMAIL": "shoshana@webtiger.com.au",
    "UserName": "Shoshanna Sibony",
    "USERNAME": "Shoshanna Sibony",
    "display_nam": "Shoshanna Sibony",
    "USR_Signatory_FN": "we",
    "{$USR_Signatory_FN}": "we",
    "USR_Signatory_LN": "we",
    "{$USR_Signatory_LN}": "we",
    "PT2_Signatory_FN": "asfd",
    "{$PT2_Signatory_FN}": "asfd",
    "PT2_Signatory_LN": "fds",
    "{$PT2_Signatory_LN}": "fds",
    "USR_Signatory_Role": "sdfasad",
    "{$USR_Signatory_Role}": "sdfasad",
    "PT2_Signatory_Role": "ffffssss",
    "{$PT2_Signatory_Role}": "ffffssss",
    "PT2__FN": "asfd",
    "PT2__LN": "fds",
    "PT2_NAME": "ykuhjghg pty ltd",
    "DISPLAY_EMAIL": "shoshana@webtiger.com.au",
    "Login_ID": "shoshanna",
    "businessAbr": "gfsd",
    "CountAbv": "ghjh",
    "UserAbr": "wesdfasdaf pty ltd",
    "PT2Abr": "ykuhjghg pty ltd"
}
[20/10/2025 21:29:23] [DEBUG] v5.0.11-ADMIN-FIELD-MAPPING-FIX MILESTONE: Merge tag processing started with 388 fields for word/document.xml
[20/10/2025 21:29:23] [DEBUG] v5.0.11-ADMIN-FIELD-MAPPING-FIX FIELD MAPPING: [BEFORE_PROCESSING] USR_Name = wesdfasdaf pty ltd
[20/10/2025 21:29:23] [DEBUG] v5.0.11-ADMIN-FIELD-MAPPING-FIX FIELD MAPPING: [BEFORE_PROCESSING] USR_ABN = 11111111111
[20/10/2025 21:29:23] [DEBUG] v5.0.11-ADMIN-FIELD-MAPPING-FIX FIELD MAPPING: [BEFORE_PROCESSING] USR_Business = gfsd
[20/10/2025 21:29:23] [DEBUG] v5.0.11-ADMIN-FIELD-MAPPING-FIX FIELD MAPPING: [BEFORE_PROCESSING] PT2_Name = ykuhjghg pty ltd
[20/10/2025 21:29:23] [DEBUG] v5.0.11-ADMIN-FIELD-MAPPING-FIX FIELD MAPPING: [BEFORE_PROCESSING] PT2_ABN = 22222222222
[20/10/2025 21:29:23] [DEBUG] ROBUST FIX: Reconstructed '{$</w:t></w:r><w:proofErr w:type="spellStart"/><w:r><w:rPr><w:rFonts w:ascii="Arial" w:hAnsi="Arial" w:cs="Arial"/><w:bCs/><w:color w:val="535255"/><w:sz w:val="48"/><w:szCs w:val="48"/></w:rPr><w:t>USR_Business</w:t></w:r><w:proofErr w:type="spellEnd"/><w:r><w:rPr><w:rFonts w:ascii="Arial" w:hAnsi="Arial" w:cs="Arial"/><w:bCs/><w:color w:val="535255"/><w:sz w:val="48"/><w:szCs w:val="48"/></w:rPr><w:t>}' -> '{$USR_Business}'
[20/10/2025 21:29:23] [DEBUG] ROBUST FIX: Reconstructed '{$</w:t></w:r><w:proofErr w:type="spellStart"/><w:r w:rsidRPr="003B068F"><w:rPr><w:rFonts w:cs="Arial"/><w:sz w:val="18"/><w:szCs w:val="18"/></w:rPr><w:t>USR_Name</w:t></w:r><w:proofErr w:type="spellEnd"/><w:proofErr w:type="gramStart"/><w:r w:rsidRPr="003B068F"><w:rPr><w:rFonts w:cs="Arial"/><w:sz w:val="18"/><w:szCs w:val="18"/></w:rPr><w:t>}' -> '{$USR_Name}'
[20/10/2025 21:29:23] [DEBUG] ROBUST FIX: Reconstructed '{$</w:t></w:r><w:proofErr w:type="spellStart"/><w:r w:rsidRPr="00224CC0"><w:rPr><w:rFonts w:ascii="Arial" w:hAnsi="Arial" w:cs="Arial"/><w:sz w:val="18"/><w:szCs w:val="18"/></w:rPr><w:t>USR_Name|upper</w:t></w:r><w:proofErr w:type="spellEnd"/><w:r w:rsidRPr="00224CC0"><w:rPr><w:rFonts w:ascii="Arial" w:hAnsi="Arial" w:cs="Arial"/><w:sz w:val="18"/><w:szCs w:val="18"/></w:rPr><w:t>}' -> '{$USR_Name|upper}'
[20/10/2025 21:29:23] [DEBUG] ROBUST FIX: Reconstructed '{</w:t></w:r><w:proofErr w:type="gramStart"/><w:r w:rsidRPr="00847571"><w:rPr><w:rFonts w:ascii="Arial" w:hAnsi="Arial" w:cs="Arial"/><w:sz w:val="18"/><w:szCs w:val="18"/></w:rPr><w:t>if !empty</w:t></w:r><w:proofErr w:type="gramEnd"/><w:r w:rsidRPr="00847571"><w:rPr><w:rFonts w:ascii="Arial" w:hAnsi="Arial" w:cs="Arial"/><w:sz w:val="18"/><w:szCs w:val="18"/></w:rPr><w:t>($USR_ABN</w:t></w:r><w:proofErr w:type="gramStart"/><w:r w:rsidRPr="00847571"><w:rPr><w:rFonts w:ascii="Arial" w:hAnsi="Arial" w:cs="Arial"/><w:sz w:val="18"/><w:szCs w:val="18"/></w:rPr><w:t>)}' -> '{if !empty($USR_ABN)}'
[20/10/2025 21:29:23] [DEBUG] ROBUST FIX: Reconstructed '{$</w:t></w:r><w:proofErr w:type="spellStart"/><w:r w:rsidRPr="00847571"><w:rPr><w:rFonts w:ascii="Arial" w:hAnsi="Arial" w:cs="Arial"/><w:sz w:val="18"/><w:szCs w:val="18"/></w:rPr><w:t>USR_ABN|abn_</w:t></w:r><w:proofErr w:type="gramStart"/><w:r w:rsidRPr="00847571"><w:rPr><w:rFonts w:ascii="Arial" w:hAnsi="Arial" w:cs="Arial"/><w:sz w:val="18"/><w:szCs w:val="18"/></w:rPr><w:t>format</w:t></w:r><w:proofErr w:type="spellEnd"/><w:r w:rsidRPr="00847571"><w:rPr><w:rFonts w:ascii="Arial" w:hAnsi="Arial" w:cs="Arial"/><w:sz w:val="18"/><w:szCs w:val="18"/></w:rPr><w:t>}' -> '{$USR_ABN|abn_format}'
[20/10/2025 21:29:23] [DEBUG] ROBUST FIX: Reconstructed '{$</w:t></w:r><w:proofErr w:type="spellStart"/><w:r w:rsidRPr="003B068F"><w:rPr><w:rFonts w:ascii="Arial" w:hAnsi="Arial" w:cs="Arial"/><w:sz w:val="18"/><w:szCs w:val="18"/></w:rPr><w:t>USR_</w:t></w:r><w:r w:rsidR="00C2092A" w:rsidRPr="003B068F"><w:rPr><w:rFonts w:ascii="Arial" w:hAnsi="Arial" w:cs="Arial"/><w:sz w:val="18"/><w:szCs w:val="18"/></w:rPr><w:t>Signatory</w:t></w:r><w:r w:rsidRPr="003B068F"><w:rPr><w:rFonts w:ascii="Arial" w:hAnsi="Arial" w:cs="Arial"/><w:sz w:val="18"/><w:szCs w:val="18"/></w:rPr><w:t>_FN</w:t></w:r><w:proofErr w:type="spellEnd"/><w:r w:rsidRPr="003B068F"><w:rPr><w:rFonts w:ascii="Arial" w:hAnsi="Arial" w:cs="Arial"/><w:sz w:val="18"/><w:szCs w:val="18"/></w:rPr><w:t>}' -> '{$USR_Signatory_FN}'
[20/10/2025 21:29:23] [DEBUG] ROBUST FIX: Reconstructed '{$</w:t></w:r><w:proofErr w:type="spellStart"/><w:r w:rsidRPr="003B068F"><w:rPr><w:rFonts w:ascii="Arial" w:hAnsi="Arial" w:cs="Arial"/><w:sz w:val="18"/><w:szCs w:val="18"/></w:rPr><w:t>USR_</w:t></w:r><w:r w:rsidR="00C2092A" w:rsidRPr="003B068F"><w:rPr><w:rFonts w:ascii="Arial" w:hAnsi="Arial" w:cs="Arial"/><w:sz w:val="18"/><w:szCs w:val="18"/></w:rPr><w:t>Signatory</w:t></w:r><w:r w:rsidRPr="003B068F"><w:rPr><w:rFonts w:ascii="Arial" w:hAnsi="Arial" w:cs="Arial"/><w:sz w:val="18"/><w:szCs w:val="18"/></w:rPr><w:t>_LN</w:t></w:r><w:proofErr w:type="spellEnd"/><w:r w:rsidRPr="003B068F"><w:rPr><w:rFonts w:ascii="Arial" w:hAnsi="Arial" w:cs="Arial"/><w:sz w:val="18"/><w:szCs w:val="18"/></w:rPr><w:t>}' -> '{$USR_Signatory_LN}'
[20/10/2025 21:29:23] [DEBUG] ROBUST FIX: Reconstructed '{$</w:t></w:r><w:proofErr w:type="spellStart"/><w:r w:rsidRPr="003B068F"><w:rPr><w:rFonts w:ascii="Arial" w:hAnsi="Arial" w:cs="Arial"/><w:sz w:val="18"/><w:szCs w:val="18"/></w:rPr><w:t>USR_</w:t></w:r><w:r w:rsidR="00C2092A" w:rsidRPr="003B068F"><w:rPr><w:rFonts w:ascii="Arial" w:hAnsi="Arial" w:cs="Arial"/><w:sz w:val="18"/><w:szCs w:val="18"/></w:rPr><w:t>Signatory</w:t></w:r><w:r w:rsidRPr="003B068F"><w:rPr><w:rFonts w:ascii="Arial" w:hAnsi="Arial" w:cs="Arial"/><w:sz w:val="18"/><w:szCs w:val="18"/></w:rPr><w:t>_Role</w:t></w:r><w:proofErr w:type="spellEnd"/><w:r w:rsidRPr="003B068F"><w:rPr><w:rFonts w:ascii="Arial" w:hAnsi="Arial" w:cs="Arial"/><w:sz w:val="18"/><w:szCs w:val="18"/></w:rPr><w:t>}' -> '{$USR_Signatory_Role}'
[20/10/2025 21:29:23] [DEBUG] ROBUST FIX: Reconstructed '{</w:t></w:r><w:proofErr w:type="gramStart"/><w:r w:rsidRPr="00C26371"><w:rPr><w:szCs w:val="24"/></w:rPr><w:t>if !empty</w:t></w:r><w:proofErr w:type="gramEnd"/><w:r w:rsidRPr="00C26371"><w:rPr><w:szCs w:val="24"/></w:rPr><w:t>($USR_ABN</w:t></w:r><w:proofErr w:type="gramStart"/><w:r w:rsidRPr="00C26371"><w:rPr><w:szCs w:val="24"/></w:rPr><w:t>)}' -> '{if !empty($USR_ABN)}'
[20/10/2025 21:29:23] [DEBUG] ROBUST FIX: Reconstructed '{$</w:t></w:r><w:proofErr w:type="spellStart"/><w:r w:rsidRPr="00C26371"><w:rPr><w:szCs w:val="24"/></w:rPr><w:t>USR_ABN|phone_</w:t></w:r><w:proofErr w:type="gramStart"/><w:r w:rsidRPr="00C26371"><w:rPr><w:szCs w:val="24"/></w:rPr><w:t>format</w:t></w:r><w:proofErr w:type="spellEnd"/><w:r w:rsidRPr="00C26371"><w:rPr><w:szCs w:val="24"/></w:rPr><w:t>:%</w:t></w:r><w:proofErr w:type="gramEnd"/><w:r w:rsidRPr="00C26371"><w:rPr><w:szCs w:val="24"/></w:rPr><w:t>2 %3 %3 %</w:t></w:r><w:proofErr w:type="gramStart"/><w:r w:rsidRPr="00C26371"><w:rPr><w:szCs w:val="24"/></w:rPr><w:t>3}' -> '{$USR_ABN|phone_format:%2 %3 %3 %3}'
[20/10/2025 21:29:23] [DEBUG] 🔍 FIELD COMPARISON: USR_Business = 'gfsd' (empty: NO)
[20/10/2025 21:29:23] [DEBUG] 🔍 FIELD COMPARISON: USR_Name = 'wesdfasdaf pty ltd' (empty: NO)
